<?xml version="1.0" encoding="UTF-8"?>
<!-- Generated by org.testng.reporters.JUnitXMLReporter -->
<testsuite ignored="0" hostname="seebeal" failures="0" tests="4" name="Default test" time="14.759" errors="0" timestamp="2024-09-20T22:21:04 EET">
  <testcase classname="Xyz" name="logINCustumer" time="0.903"/>
  <testcase classname="Xyz" name="SelectCustomer" time="0.541"/>
  <testcase classname="Xyz" name="DepositAndWithdrawl" time="11.36"/>
  <testcase classname="Xyz" name="Assert" time="0.077"/>
</testsuite> <!-- Default test -->
