<?xml version="1.0" encoding="UTF-8"?>
<!-- Generated by org.testng.reporters.JUnitXMLReporter -->
<testsuite ignored="0" hostname="seebeal" failures="0" tests="5" name="Default test" time="26.777" errors="0" timestamp="2024-09-20T23:39:30 EET">
  <testcase classname="Xyz" name="logINCustumer" time="0.728"/>
  <testcase classname="Xyz" name="SelectCustomer" time="0.531"/>
  <testcase classname="Xyz" name="DepositAndWithdrawl" time="11.313"/>
  <testcase classname="Xyz" name="Assert" time="0.061"/>
  <testcase classname="Xyz" name="addnewcudtomer" time="12.642"/>
</testsuite> <!-- Default test -->
