<?xml version="1.0" encoding="UTF-8"?>
<testng-results ignored="0" total="3" passed="3" failed="0" skipped="0">
  <reporter-output>
  </reporter-output>
  <suite started-at="2024-09-19T23:41:57 EET" name="Default suite" finished-at="2024-09-19T23:42:01 EET" duration-ms="4176">
    <groups>
    </groups>
    <test started-at="2024-09-19T23:41:57 EET" name="Default test" finished-at="2024-09-19T23:42:01 EET" duration-ms="4176">
      <class name="Xyz">
        <test-method is-config="true" signature="mystup()[pri:0, instance:Xyz@4535b6d5]" started-at="2024-09-19T23:41:57 EET" name="mystup" finished-at="2024-09-19T23:41:59 EET" duration-ms="1822" status="PASS">
          <reporter-output>
          </reporter-output>
        </test-method> <!-- mystup -->
        <test-method signature="logINCustumer()[pri:1, instance:Xyz@4535b6d5]" started-at="2024-09-19T23:41:59 EET" name="logINCustumer" finished-at="2024-09-19T23:42:00 EET" duration-ms="685" status="PASS">
          <reporter-output>
          </reporter-output>
        </test-method> <!-- logINCustumer -->
        <test-method signature="SelectCustomer()[pri:2, instance:Xyz@4535b6d5]" started-at="2024-09-19T23:42:00 EET" name="SelectCustomer" finished-at="2024-09-19T23:42:00 EET" duration-ms="523" status="PASS">
          <reporter-output>
          </reporter-output>
        </test-method> <!-- SelectCustomer -->
        <test-method signature="Deposit()[pri:3, instance:Xyz@4535b6d5]" started-at="2024-09-19T23:42:00 EET" name="Deposit" finished-at="2024-09-19T23:42:01 EET" duration-ms="1090" status="PASS">
          <reporter-output>
          </reporter-output>
        </test-method> <!-- Deposit -->
      </class> <!-- Xyz -->
    </test> <!-- Default test -->
  </suite> <!-- Default suite -->
</testng-results>
